# JRE version: Java(TM) SE Runtime Environment (7.0_67-b01) (build 1.7.0_67-b01)
# Java VM: Java HotSpot(TM) 64-Bit Server VM (24.65-b04 mixed mode windows-amd64 compressed oops)
Heap
 PSYoungGen      total 140800K, used 124928K [0x00000000eaa80000, 0x00000000fd280000, 0x0000000100000000)
  eden space 124928K, 100% used [0x00000000eaa80000,0x00000000f2480000,0x00000000f2480000)
  from space 15872K, 0% used [0x00000000f2480000,0x00000000f2480000,0x00000000f3400000)
  to   space 26624K, 0% used [0x00000000fb880000,0x00000000fb880000,0x00000000fd280000)
 ParOldGen       total 43008K, used 42739K [0x00000000c0000000, 0x00000000c2a00000, 0x00000000eaa80000)
  object space 43008K, 99% used [0x00000000c0000000,0x00000000c29bcd50,0x00000000c2a00000)
 PSPermGen       total 21504K, used 6023K [0x00000000bae00000, 0x00000000bc300000, 0x00000000c0000000)
  object space 21504K, 28% used [0x00000000bae00000,0x00000000bb3e1ed8,0x00000000bc300000)
GC Heap History (10 events):
Event: 13.625 GC heap after
Heap after GC invocations=12 (full 5):
 PSYoungGen      total 140800K, used 64139K [0x00000000eaa80000, 0x00000000fd280000, 0x0000000100000000)
  eden space 124928K, 51% used [0x00000000eaa80000,0x00000000ee922c68,0x00000000f2480000)
  from space 15872K, 0% used [0x00000000f2480000,0x00000000f2480000,0x00000000f3400000)
  to   space 26624K, 0% used [0x00000000fb880000,0x00000000fb880000,0x00000000fd280000)
 ParOldGen       total 43008K, used 42736K [0x00000000c0000000, 0x00000000c2a00000, 0x00000000eaa80000)
  object space 43008K, 99% used [0x00000000c0000000,0x00000000c29bc050,0x00000000c2a00000)
 PSPermGen       total 21504K, used 6001K [0x00000000bae00000, 0x00000000bc300000, 0x00000000c0000000)
  object space 21504K, 27% used [0x00000000bae00000,0x00000000bb3dc528,0x00000000bc300000)
}
Event: 13.814 GC heap before
{Heap before GC invocations=13 (full 6):
 PSYoungGen      total 140800K, used 124928K [0x00000000eaa80000, 0x00000000fd280000, 0x0000000100000000)
  eden space 124928K, 100% used [0x00000000eaa80000,0x00000000f2480000,0x00000000f2480000)
  from space 15872K, 0% used [0x00000000f2480000,0x00000000f2480000,0x00000000f3400000)
  to   space 26624K, 0% used [0x00000000fb880000,0x00000000fb880000,0x00000000fd280000)
 ParOldGen       total 43008K, used 42736K [0x00000000c0000000, 0x00000000c2a00000, 0x00000000eaa80000)
  object space 43008K, 99% used [0x00000000c0000000,0x00000000c29bc050,0x00000000c2a00000)
 PSPermGen       total 21504K, used 6008K [0x00000000bae00000, 0x00000000bc300000, 0x00000000c0000000)
  object space 21504K, 27% used [0x00000000bae00000,0x00000000bb3de0f8,0x00000000bc300000)
Event: 14.507 GC heap after
Heap after GC invocations=13 (full 6):
 PSYoungGen      total 140800K, used 73000K [0x00000000eaa80000, 0x00000000fd280000, 0x0000000100000000)
  eden space 124928K, 58% used [0x00000000eaa80000,0x00000000ef1ca2c0,0x00000000f2480000)
  from space 15872K, 0% used [0x00000000f2480000,0x00000000f2480000,0x00000000f3400000)
  to   space 26624K, 0% used [0x00000000fb880000,0x00000000fb880000,0x00000000fd280000)
 ParOldGen       total 43008K, used 42736K [0x00000000c0000000, 0x00000000c2a00000, 0x00000000eaa80000)
  object space 43008K, 99% used [0x00000000c0000000,0x00000000c29bc050,0x00000000c2a00000)
 PSPermGen       total 21504K, used 6008K [0x00000000bae00000, 0x00000000bc300000, 0x00000000c0000000)
  object space 21504K, 27% used [0x00000000bae00000,0x00000000bb3de0f8,0x00000000bc300000)
}
Event: 14.678 GC heap before
{Heap before GC invocations=14 (full 7):
 PSYoungGen      total 140800K, used 124928K [0x00000000eaa80000, 0x00000000fd280000, 0x0000000100000000)
  eden space 124928K, 100% used [0x00000000eaa80000,0x00000000f2480000,0x00000000f2480000)
  from space 15872K, 0% used [0x00000000f2480000,0x00000000f2480000,0x00000000f3400000)
  to   space 26624K, 0% used [0x00000000fb880000,0x00000000fb880000,0x00000000fd280000)
 ParOldGen       total 43008K, used 42736K [0x00000000c0000000, 0x00000000c2a00000, 0x00000000eaa80000)
  object space 43008K, 99% used [0x00000000c0000000,0x00000000c29bc050,0x00000000c2a00000)
 PSPermGen       total 21504K, used 6010K [0x00000000bae00000, 0x00000000bc300000, 0x00000000c0000000)
  object space 21504K, 27% used [0x00000000bae00000,0x00000000bb3de9f0,0x00000000bc300000)
Event: 15.234 GC heap after
Heap after GC invocations=14 (full 7):
 PSYoungGen      total 140800K, used 80316K [0x00000000eaa80000, 0x00000000fd280000, 0x0000000100000000)
  eden space 124928K, 64% used [0x00000000eaa80000,0x00000000ef8ef3f0,0x00000000f2480000)
  from space 15872K, 0% used [0x00000000f2480000,0x00000000f2480000,0x00000000f3400000)
  to   space 26624K, 0% used [0x00000000fb880000,0x00000000fb880000,0x00000000fd280000)
 ParOldGen       total 43008K, used 42736K [0x00000000c0000000, 0x00000000c2a00000, 0x00000000eaa80000)
  object space 43008K, 99% used [0x00000000c0000000,0x00000000c29bc050,0x00000000c2a00000)
 PSPermGen       total 21504K, used 6010K [0x00000000bae00000, 0x00000000bc300000, 0x00000000c0000000)
  object space 21504K, 27% used [0x00000000bae00000,0x00000000bb3de9b0,0x00000000bc300000)
}
Event: 15.416 GC heap before
{Heap before GC invocations=15 (full 8):
 PSYoungGen      total 140800K, used 124928K [0x00000000eaa80000, 0x00000000fd280000, 0x0000000100000000)
  eden space 124928K, 100% used [0x00000000eaa80000,0x00000000f2480000,0x00000000f2480000)
  from space 15872K, 0% used [0x00000000f2480000,0x00000000f2480000,0x00000000f3400000)
  to   space 26624K, 0% used [0x00000000fb880000,0x00000000fb880000,0x00000000fd280000)
 ParOldGen       total 43008K, used 42736K [0x00000000c0000000, 0x00000000c2a00000, 0x00000000eaa80000)
  object space 43008K, 99% used [0x00000000c0000000,0x00000000c29bc050,0x00000000c2a00000)
 PSPermGen       total 21504K, used 6014K [0x00000000bae00000, 0x00000000bc300000, 0x00000000c0000000)
  object space 21504K, 27% used [0x00000000bae00000,0x00000000bb3df9c8,0x00000000bc300000)
Event: 16.017 GC heap after
Heap after GC invocations=15 (full 8):
 PSYoungGen      total 140800K, used 87659K [0x00000000eaa80000, 0x00000000fd280000, 0x0000000100000000)
  eden space 124928K, 70% used [0x00000000eaa80000,0x00000000f001af60,0x00000000f2480000)
  from space 15872K, 0% used [0x00000000f2480000,0x00000000f2480000,0x00000000f3400000)
  to   space 26624K, 0% used [0x00000000fb880000,0x00000000fb880000,0x00000000fd280000)
 ParOldGen       total 43008K, used 42736K [0x00000000c0000000, 0x00000000c2a00000, 0x00000000eaa80000)
  object space 43008K, 99% used [0x00000000c0000000,0x00000000c29bc050,0x00000000c2a00000)
 PSPermGen       total 21504K, used 6014K [0x00000000bae00000, 0x00000000bc300000, 0x00000000c0000000)
  object space 21504K, 27% used [0x00000000bae00000,0x00000000bb3df9a8,0x00000000bc300000)
}
Event: 16.196 GC heap before
{Heap before GC invocations=16 (full 9):
 PSYoungGen      total 140800K, used 124928K [0x00000000eaa80000, 0x00000000fd280000, 0x0000000100000000)
  eden space 124928K, 100% used [0x00000000eaa80000,0x00000000f2480000,0x00000000f2480000)
  from space 15872K, 0% used [0x00000000f2480000,0x00000000f2480000,0x00000000f3400000)
  to   space 26624K, 0% used [0x00000000fb880000,0x00000000fb880000,0x00000000fd280000)
 ParOldGen       total 43008K, used 42736K [0x00000000c0000000, 0x00000000c2a00000, 0x00000000eaa80000)
  object space 43008K, 99% used [0x00000000c0000000,0x00000000c29bc050,0x00000000c2a00000)
 PSPermGen       total 21504K, used 6019K [0x00000000bae00000, 0x00000000bc300000, 0x00000000c0000000)
  object space 21504K, 27% used [0x00000000bae00000,0x00000000bb3e0cc0,0x00000000bc300000)
Event: 17.049 GC heap after
Heap after GC invocations=16 (full 9):
 PSYoungGen      total 140800K, used 93216K [0x00000000eaa80000, 0x00000000fd280000, 0x0000000100000000)
  eden space 124928K, 74% used [0x00000000eaa80000,0x00000000f0588180,0x00000000f2480000)
  from space 15872K, 0% used [0x00000000f2480000,0x00000000f2480000,0x00000000f3400000)
  to   space 26624K, 0% used [0x00000000fb880000,0x00000000fb880000,0x00000000fd280000)
 ParOldGen       total 43008K, used 42736K [0x00000000c0000000, 0x00000000c2a00000, 0x00000000eaa80000)
  object space 43008K, 99% used [0x00000000c0000000,0x00000000c29bc050,0x00000000c2a00000)
 PSPermGen       total 21504K, used 6019K [0x00000000bae00000, 0x00000000bc300000, 0x00000000c0000000)
  object space 21504K, 27% used [0x00000000bae00000,0x00000000bb3e0c80,0x00000000bc300000)
}
Event: 17.247 GC heap before
{Heap before GC invocations=17 (full 10):
 PSYoungGen      total 140800K, used 124928K [0x00000000eaa80000, 0x00000000fd280000, 0x0000000100000000)
  eden space 124928K, 100% used [0x00000000eaa80000,0x00000000f2480000,0x00000000f2480000)
  from space 15872K, 0% used [0x00000000f2480000,0x00000000f2480000,0x00000000f3400000)
  to   space 26624K, 0% used [0x00000000fb880000,0x00000000fb880000,0x00000000fd280000)
 ParOldGen       total 43008K, used 42739K [0x00000000c0000000, 0x00000000c2a00000, 0x00000000eaa80000)
  object space 43008K, 99% used [0x00000000c0000000,0x00000000c29bcd50,0x00000000c2a00000)
 PSPermGen       total 21504K, used 6023K [0x00000000bae00000, 0x00000000bc300000, 0x00000000c0000000)
  object space 21504K, 28% used [0x00000000bae00000,0x00000000bb3e1ed8,0x00000000bc300000)

