# JRE version: Java(TM) SE Runtime Environment (7.0_67-b01) (build 1.7.0_67-b01)
# Java VM: Java HotSpot(TM) 64-Bit Server VM (24.65-b04 mixed mode windows-amd64 compressed oops)
Heap
 PSYoungGen      total 231936K, used 98118K [0x00000000eaa80000, 0x00000000fd200000, 0x0000000100000000)
  eden space 201728K, 48% used [0x00000000eaa80000,0x00000000f0a51860,0x00000000f6f80000)
  from space 30208K, 0% used [0x00000000f9100000,0x00000000f9100000,0x00000000fae80000)
  to   space 34304K, 0% used [0x00000000f6f80000,0x00000000f6f80000,0x00000000f9100000)
 ParOldGen       total 76800K, used 76765K [0x00000000c0000000, 0x00000000c4b00000, 0x00000000eaa80000)
  object space 76800K, 99% used [0x00000000c0000000,0x00000000c4af7638,0x00000000c4b00000)
 PSPermGen       total 21504K, used 6008K [0x00000000bae00000, 0x00000000bc300000, 0x00000000c0000000)
  object space 21504K, 27% used [0x00000000bae00000,0x00000000bb3de1b0,0x00000000bc300000)
GC Heap History (10 events):
Event: 11.178 GC heap before
{Heap before GC invocations=11 (full 1):
 PSYoungGen      total 139264K, used 10753K [0x00000000eaa80000, 0x00000000f9b80000, 0x0000000100000000)
  eden space 120320K, 0% used [0x00000000eaa80000,0x00000000eab14b70,0x00000000f2000000)
  from space 18944K, 53% used [0x00000000f2000000,0x00000000f29eb9f0,0x00000000f3280000)
  to   space 27136K, 0% used [0x00000000f8100000,0x00000000f8100000,0x00000000f9b80000)
 ParOldGen       total 76800K, used 41390K [0x00000000c0000000, 0x00000000c4b00000, 0x00000000eaa80000)
  object space 76800K, 53% used [0x00000000c0000000,0x00000000c286bbe0,0x00000000c4b00000)
 PSPermGen       total 21504K, used 5946K [0x00000000bae00000, 0x00000000bc300000, 0x00000000c0000000)
  object space 21504K, 27% used [0x00000000bae00000,0x00000000bb3cea50,0x00000000bc300000)
Event: 11.218 GC heap after
Heap after GC invocations=11 (full 1):
 PSYoungGen      total 162304K, used 5857K [0x00000000eaa80000, 0x00000000f8700000, 0x0000000100000000)
  eden space 156160K, 0% used [0x00000000eaa80000,0x00000000eaa80000,0x00000000f4300000)
  from space 6144K, 95% used [0x00000000f8100000,0x00000000f86b8628,0x00000000f8700000)
  to   space 26624K, 0% used [0x00000000f5300000,0x00000000f5300000,0x00000000f6d00000)
 ParOldGen       total 76800K, used 45829K [0x00000000c0000000, 0x00000000c4b00000, 0x00000000eaa80000)
  object space 76800K, 59% used [0x00000000c0000000,0x00000000c2cc14a0,0x00000000c4b00000)
 PSPermGen       total 21504K, used 5946K [0x00000000bae00000, 0x00000000bc300000, 0x00000000c0000000)
  object space 21504K, 27% used [0x00000000bae00000,0x00000000bb3cea50,0x00000000bc300000)
}
Event: 13.005 GC heap before
{Heap before GC invocations=12 (full 1):
 PSYoungGen      total 162304K, used 162017K [0x00000000eaa80000, 0x00000000f8700000, 0x0000000100000000)
  eden space 156160K, 100% used [0x00000000eaa80000,0x00000000f4300000,0x00000000f4300000)
  from space 6144K, 95% used [0x00000000f8100000,0x00000000f86b8628,0x00000000f8700000)
  to   space 26624K, 0% used [0x00000000f5300000,0x00000000f5300000,0x00000000f6d00000)
 ParOldGen       total 76800K, used 45829K [0x00000000c0000000, 0x00000000c4b00000, 0x00000000eaa80000)
  object space 76800K, 59% used [0x00000000c0000000,0x00000000c2cc14a0,0x00000000c4b00000)
 PSPermGen       total 21504K, used 5970K [0x00000000bae00000, 0x00000000bc300000, 0x00000000c0000000)
  object space 21504K, 27% used [0x00000000bae00000,0x00000000bb3d49a8,0x00000000bc300000)
Event: 13.263 GC heap after
Heap after GC invocations=12 (full 1):
 PSYoungGen      total 199168K, used 24455K [0x00000000eaa80000, 0x00000000fae80000, 0x0000000100000000)
  eden space 172544K, 0% used [0x00000000eaa80000,0x00000000eaa80000,0x00000000f5300000)
  from space 26624K, 91% used [0x00000000f5300000,0x00000000f6ae1c30,0x00000000f6d00000)
  to   space 30208K, 0% used [0x00000000f9100000,0x00000000f9100000,0x00000000fae80000)
 ParOldGen       total 76800K, used 51683K [0x00000000c0000000, 0x00000000c4b00000, 0x00000000eaa80000)
  object space 76800K, 67% used [0x00000000c0000000,0x00000000c3278c40,0x00000000c4b00000)
 PSPermGen       total 21504K, used 5970K [0x00000000bae00000, 0x00000000bc300000, 0x00000000c0000000)
  object space 21504K, 27% used [0x00000000bae00000,0x00000000bb3d49a8,0x00000000bc300000)
}
Event: 14.138 GC heap before
{Heap before GC invocations=13 (full 1):
 PSYoungGen      total 199168K, used 196999K [0x00000000eaa80000, 0x00000000fae80000, 0x0000000100000000)
  eden space 172544K, 100% used [0x00000000eaa80000,0x00000000f5300000,0x00000000f5300000)
  from space 26624K, 91% used [0x00000000f5300000,0x00000000f6ae1c30,0x00000000f6d00000)
  to   space 30208K, 0% used [0x00000000f9100000,0x00000000f9100000,0x00000000fae80000)
 ParOldGen       total 76800K, used 51683K [0x00000000c0000000, 0x00000000c4b00000, 0x00000000eaa80000)
  object space 76800K, 67% used [0x00000000c0000000,0x00000000c3278c40,0x00000000c4b00000)
 PSPermGen       total 21504K, used 5986K [0x00000000bae00000, 0x00000000bc300000, 0x00000000c0000000)
  object space 21504K, 27% used [0x00000000bae00000,0x00000000bb3d89a8,0x00000000bc300000)
Event: 14.347 GC heap after
Heap after GC invocations=13 (full 1):
 PSYoungGen      total 231936K, used 27647K [0x00000000eaa80000, 0x00000000fd200000, 0x0000000100000000)
  eden space 201728K, 0% used [0x00000000eaa80000,0x00000000eaa80000,0x00000000f6f80000)
  from space 30208K, 91% used [0x00000000f9100000,0x00000000fabffc18,0x00000000fae80000)
  to   space 34304K, 0% used [0x00000000f6f80000,0x00000000f6f80000,0x00000000f9100000)
 ParOldGen       total 76800K, used 75299K [0x00000000c0000000, 0x00000000c4b00000, 0x00000000eaa80000)
  object space 76800K, 98% used [0x00000000c0000000,0x00000000c4988d10,0x00000000c4b00000)
 PSPermGen       total 21504K, used 5986K [0x00000000bae00000, 0x00000000bc300000, 0x00000000c0000000)
  object space 21504K, 27% used [0x00000000bae00000,0x00000000bb3d89a8,0x00000000bc300000)
}
Event: 14.347 GC heap before
{Heap before GC invocations=14 (full 2):
 PSYoungGen      total 231936K, used 27647K [0x00000000eaa80000, 0x00000000fd200000, 0x0000000100000000)
  eden space 201728K, 0% used [0x00000000eaa80000,0x00000000eaa80000,0x00000000f6f80000)
  from space 30208K, 91% used [0x00000000f9100000,0x00000000fabffc18,0x00000000fae80000)
  to   space 34304K, 0% used [0x00000000f6f80000,0x00000000f6f80000,0x00000000f9100000)
 ParOldGen       total 76800K, used 75299K [0x00000000c0000000, 0x00000000c4b00000, 0x00000000eaa80000)
  object space 76800K, 98% used [0x00000000c0000000,0x00000000c4988d10,0x00000000c4b00000)
 PSPermGen       total 21504K, used 5986K [0x00000000bae00000, 0x00000000bc300000, 0x00000000c0000000)
  object space 21504K, 27% used [0x00000000bae00000,0x00000000bb3d89a8,0x00000000bc300000)
Event: 15.588 GC heap after
Heap after GC invocations=14 (full 2):
 PSYoungGen      total 231936K, used 23894K [0x00000000eaa80000, 0x00000000fd200000, 0x0000000100000000)
  eden space 201728K, 0% used [0x00000000eaa80000,0x00000000eaa80000,0x00000000f6f80000)
  from space 30208K, 79% used [0x00000000f9100000,0x00000000fa8558d0,0x00000000fae80000)
  to   space 34304K, 0% used [0x00000000f6f80000,0x00000000f6f80000,0x00000000f9100000)
 ParOldGen       total 76800K, used 76401K [0x00000000c0000000, 0x00000000c4b00000, 0x00000000eaa80000)
  object space 76800K, 99% used [0x00000000c0000000,0x00000000c4a9c7f8,0x00000000c4b00000)
 PSPermGen       total 21504K, used 5985K [0x00000000bae00000, 0x00000000bc300000, 0x00000000c0000000)
  object space 21504K, 27% used [0x00000000bae00000,0x00000000bb3d8768,0x00000000bc300000)
}
Event: 16.674 GC heap before
{Heap before GC invocations=15 (full 3):
 PSYoungGen      total 231936K, used 225622K [0x00000000eaa80000, 0x00000000fd200000, 0x0000000100000000)
  eden space 201728K, 100% used [0x00000000eaa80000,0x00000000f6f80000,0x00000000f6f80000)
  from space 30208K, 79% used [0x00000000f9100000,0x00000000fa8558d0,0x00000000fae80000)
  to   space 34304K, 0% used [0x00000000f6f80000,0x00000000f6f80000,0x00000000f9100000)
 ParOldGen       total 76800K, used 76401K [0x00000000c0000000, 0x00000000c4b00000, 0x00000000eaa80000)
  object space 76800K, 99% used [0x00000000c0000000,0x00000000c4a9c7f8,0x00000000c4b00000)
 PSPermGen       total 21504K, used 6001K [0x00000000bae00000, 0x00000000bc300000, 0x00000000c0000000)
  object space 21504K, 27% used [0x00000000bae00000,0x00000000bb3dc660,0x00000000bc300000)
Event: 18.458 GC heap after
Heap after GC invocations=15 (full 3):
 PSYoungGen      total 231936K, used 52438K [0x00000000eaa80000, 0x00000000fd200000, 0x0000000100000000)
  eden space 201728K, 25% used [0x00000000eaa80000,0x00000000eddb59f0,0x00000000f6f80000)
  from space 30208K, 0% used [0x00000000f9100000,0x00000000f9100000,0x00000000fae80000)
  to   space 34304K, 0% used [0x00000000f6f80000,0x00000000f6f80000,0x00000000f9100000)
 ParOldGen       total 76800K, used 76765K [0x00000000c0000000, 0x00000000c4b00000, 0x00000000eaa80000)
  object space 76800K, 99% used [0x00000000c0000000,0x00000000c4af7638,0x00000000c4b00000)
 PSPermGen       total 21504K, used 6001K [0x00000000bae00000, 0x00000000bc300000, 0x00000000c0000000)
  object space 21504K, 27% used [0x00000000bae00000,0x00000000bb3dc5a0,0x00000000bc300000)
}

