# JRE version: Java(TM) SE Runtime Environment (7.0_67-b01) (build 1.7.0_67-b01)
# Java VM: Java HotSpot(TM) 64-Bit Server VM (24.65-b04 mixed mode windows-amd64 compressed oops)
Heap
 PSYoungGen      total 97792K, used 26702K [0x00000000eaa80000, 0x00000000f2080000, 0x0000000100000000)
  eden space 81920K, 32% used [0x00000000eaa80000,0x00000000ec4939f8,0x00000000efa80000)
  from space 15872K, 0% used [0x00000000f0b00000,0x00000000f0b00000,0x00000000f1a80000)
  to   space 16896K, 0% used [0x00000000efa80000,0x00000000efa80000,0x00000000f0b00000)
 ParOldGen       total 74240K, used 74066K [0x00000000c0000000, 0x00000000c4880000, 0x00000000eaa80000)
  object space 74240K, 99% used [0x00000000c0000000,0x00000000c4854b10,0x00000000c4880000)
 PSPermGen       total 21504K, used 5991K [0x00000000bae00000, 0x00000000bc300000, 0x00000000c0000000)
  object space 21504K, 27% used [0x00000000bae00000,0x00000000bb3d9e18,0x00000000bc300000)
GC Heap History (10 events):
Event: 7.890 GC heap before
{Heap before GC invocations=8 (full 1):
 PSYoungGen      total 66048K, used 63488K [0x00000000eaa80000, 0x00000000eed80000, 0x0000000100000000)
  eden space 63488K, 100% used [0x00000000eaa80000,0x00000000ee880000,0x00000000ee880000)
  from space 2560K, 0% used [0x00000000eeb00000,0x00000000eeb00000,0x00000000eed80000)
  to   space 2560K, 0% used [0x00000000ee880000,0x00000000ee880000,0x00000000eeb00000)
 ParOldGen       total 74240K, used 33348K [0x00000000c0000000, 0x00000000c4880000, 0x00000000eaa80000)
  object space 74240K, 44% used [0x00000000c0000000,0x00000000c2091130,0x00000000c4880000)
 PSPermGen       total 21504K, used 5913K [0x00000000bae00000, 0x00000000bc300000, 0x00000000c0000000)
  object space 21504K, 27% used [0x00000000bae00000,0x00000000bb3c64c8,0x00000000bc300000)
Event: 7.916 GC heap after
Heap after GC invocations=8 (full 1):
 PSYoungGen      total 66048K, used 2557K [0x00000000eaa80000, 0x00000000f1a80000, 0x0000000100000000)
  eden space 63488K, 0% used [0x00000000eaa80000,0x00000000eaa80000,0x00000000ee880000)
  from space 2560K, 99% used [0x00000000ee880000,0x00000000eeaff540,0x00000000eeb00000)
  to   space 15872K, 0% used [0x00000000f0b00000,0x00000000f0b00000,0x00000000f1a80000)
 ParOldGen       total 74240K, used 40445K [0x00000000c0000000, 0x00000000c4880000, 0x00000000eaa80000)
  object space 74240K, 54% used [0x00000000c0000000,0x00000000c277f598,0x00000000c4880000)
 PSPermGen       total 21504K, used 5913K [0x00000000bae00000, 0x00000000bc300000, 0x00000000c0000000)
  object space 21504K, 27% used [0x00000000bae00000,0x00000000bb3c64c8,0x00000000bc300000)
}
Event: 8.517 GC heap before
{Heap before GC invocations=9 (full 1):
 PSYoungGen      total 66048K, used 66045K [0x00000000eaa80000, 0x00000000f1a80000, 0x0000000100000000)
  eden space 63488K, 100% used [0x00000000eaa80000,0x00000000ee880000,0x00000000ee880000)
  from space 2560K, 99% used [0x00000000ee880000,0x00000000eeaff540,0x00000000eeb00000)
  to   space 15872K, 0% used [0x00000000f0b00000,0x00000000f0b00000,0x00000000f1a80000)
 ParOldGen       total 74240K, used 40445K [0x00000000c0000000, 0x00000000c4880000, 0x00000000eaa80000)
  object space 74240K, 54% used [0x00000000c0000000,0x00000000c277f598,0x00000000c4880000)
 PSPermGen       total 21504K, used 5963K [0x00000000bae00000, 0x00000000bc300000, 0x00000000c0000000)
  object space 21504K, 27% used [0x00000000bae00000,0x00000000bb3d2f70,0x00000000bc300000)
Event: 8.553 GC heap after
Heap after GC invocations=9 (full 1):
 PSYoungGen      total 97792K, used 13320K [0x00000000eaa80000, 0x00000000f2080000, 0x0000000100000000)
  eden space 81920K, 0% used [0x00000000eaa80000,0x00000000eaa80000,0x00000000efa80000)
  from space 15872K, 83% used [0x00000000f0b00000,0x00000000f1802240,0x00000000f1a80000)
  to   space 16896K, 0% used [0x00000000efa80000,0x00000000efa80000,0x00000000f0b00000)
 ParOldGen       total 74240K, used 40445K [0x00000000c0000000, 0x00000000c4880000, 0x00000000eaa80000)
  object space 74240K, 54% used [0x00000000c0000000,0x00000000c277f598,0x00000000c4880000)
 PSPermGen       total 21504K, used 5963K [0x00000000bae00000, 0x00000000bc300000, 0x00000000c0000000)
  object space 21504K, 27% used [0x00000000bae00000,0x00000000bb3d2f70,0x00000000bc300000)
}
Event: 9.345 GC heap before
{Heap before GC invocations=10 (full 1):
 PSYoungGen      total 97792K, used 95240K [0x00000000eaa80000, 0x00000000f2080000, 0x0000000100000000)
  eden space 81920K, 100% used [0x00000000eaa80000,0x00000000efa80000,0x00000000efa80000)
  from space 15872K, 83% used [0x00000000f0b00000,0x00000000f1802240,0x00000000f1a80000)
  to   space 16896K, 0% used [0x00000000efa80000,0x00000000efa80000,0x00000000f0b00000)
 ParOldGen       total 74240K, used 40445K [0x00000000c0000000, 0x00000000c4880000, 0x00000000eaa80000)
  object space 74240K, 54% used [0x00000000c0000000,0x00000000c277f598,0x00000000c4880000)
 PSPermGen       total 21504K, used 5971K [0x00000000bae00000, 0x00000000bc300000, 0x00000000c0000000)
  object space 21504K, 27% used [0x00000000bae00000,0x00000000bb3d4c50,0x00000000bc300000)
Event: 9.412 GC heap after
Heap after GC invocations=10 (full 1):
 PSYoungGen      total 98816K, used 16878K [0x00000000eaa80000, 0x00000000f2080000, 0x0000000100000000)
  eden space 81920K, 0% used [0x00000000eaa80000,0x00000000eaa80000,0x00000000efa80000)
  from space 16896K, 99% used [0x00000000efa80000,0x00000000f0afb920,0x00000000f0b00000)
  to   space 15872K, 0% used [0x00000000f0b00000,0x00000000f0b00000,0x00000000f1a80000)
 ParOldGen       total 74240K, used 47996K [0x00000000c0000000, 0x00000000c4880000, 0x00000000eaa80000)
  object space 74240K, 64% used [0x00000000c0000000,0x00000000c2edf2f0,0x00000000c4880000)
 PSPermGen       total 21504K, used 5971K [0x00000000bae00000, 0x00000000bc300000, 0x00000000c0000000)
  object space 21504K, 27% used [0x00000000bae00000,0x00000000bb3d4c50,0x00000000bc300000)
}
Event: 9.922 GC heap before
{Heap before GC invocations=11 (full 1):
 PSYoungGen      total 98816K, used 98798K [0x00000000eaa80000, 0x00000000f2080000, 0x0000000100000000)
  eden space 81920K, 100% used [0x00000000eaa80000,0x00000000efa80000,0x00000000efa80000)
  from space 16896K, 99% used [0x00000000efa80000,0x00000000f0afb920,0x00000000f0b00000)
  to   space 15872K, 0% used [0x00000000f0b00000,0x00000000f0b00000,0x00000000f1a80000)
 ParOldGen       total 74240K, used 47996K [0x00000000c0000000, 0x00000000c4880000, 0x00000000eaa80000)
  object space 74240K, 64% used [0x00000000c0000000,0x00000000c2edf2f0,0x00000000c4880000)
 PSPermGen       total 21504K, used 5988K [0x00000000bae00000, 0x00000000bc300000, 0x00000000c0000000)
  object space 21504K, 27% used [0x00000000bae00000,0x00000000bb3d9188,0x00000000bc300000)
Event: 9.996 GC heap after
Heap after GC invocations=11 (full 1):
 PSYoungGen      total 97792K, used 15864K [0x00000000eaa80000, 0x00000000f2080000, 0x0000000100000000)
  eden space 81920K, 0% used [0x00000000eaa80000,0x00000000eaa80000,0x00000000efa80000)
  from space 15872K, 99% used [0x00000000f0b00000,0x00000000f1a7e078,0x00000000f1a80000)
  to   space 16896K, 0% used [0x00000000efa80000,0x00000000efa80000,0x00000000f0b00000)
 ParOldGen       total 74240K, used 63105K [0x00000000c0000000, 0x00000000c4880000, 0x00000000eaa80000)
  object space 74240K, 85% used [0x00000000c0000000,0x00000000c3da0590,0x00000000c4880000)
 PSPermGen       total 21504K, used 5988K [0x00000000bae00000, 0x00000000bc300000, 0x00000000c0000000)
  object space 21504K, 27% used [0x00000000bae00000,0x00000000bb3d9188,0x00000000bc300000)
}
Event: 9.996 GC heap before
{Heap before GC invocations=12 (full 2):
 PSYoungGen      total 97792K, used 15864K [0x00000000eaa80000, 0x00000000f2080000, 0x0000000100000000)
  eden space 81920K, 0% used [0x00000000eaa80000,0x00000000eaa80000,0x00000000efa80000)
  from space 15872K, 99% used [0x00000000f0b00000,0x00000000f1a7e078,0x00000000f1a80000)
  to   space 16896K, 0% used [0x00000000efa80000,0x00000000efa80000,0x00000000f0b00000)
 ParOldGen       total 74240K, used 63105K [0x00000000c0000000, 0x00000000c4880000, 0x00000000eaa80000)
  object space 74240K, 85% used [0x00000000c0000000,0x00000000c3da0590,0x00000000c4880000)
 PSPermGen       total 21504K, used 5988K [0x00000000bae00000, 0x00000000bc300000, 0x00000000c0000000)
  object space 21504K, 27% used [0x00000000bae00000,0x00000000bb3d9188,0x00000000bc300000)
Event: 10.577 GC heap after
Heap after GC invocations=12 (full 2):
 PSYoungGen      total 97792K, used 0K [0x00000000eaa80000, 0x00000000f2080000, 0x0000000100000000)
  eden space 81920K, 0% used [0x00000000eaa80000,0x00000000eaa80000,0x00000000efa80000)
  from space 15872K, 0% used [0x00000000f0b00000,0x00000000f0b00000,0x00000000f1a80000)
  to   space 16896K, 0% used [0x00000000efa80000,0x00000000efa80000,0x00000000f0b00000)
 ParOldGen       total 74240K, used 74066K [0x00000000c0000000, 0x00000000c4880000, 0x00000000eaa80000)
  object space 74240K, 99% used [0x00000000c0000000,0x00000000c4854b10,0x00000000c4880000)
 PSPermGen       total 21504K, used 5987K [0x00000000bae00000, 0x00000000bc300000, 0x00000000c0000000)
  object space 21504K, 27% used [0x00000000bae00000,0x00000000bb3d8e88,0x00000000bc300000)
}

