# JRE version: Java(TM) SE Runtime Environment (7.0_67-b01) (build 1.7.0_67-b01)
# Java VM: Java HotSpot(TM) 64-Bit Server VM (24.65-b04 mixed mode windows-amd64 compressed oops)
Heap
 PSYoungGen      total 139776K, used 124928K [0x00000000eaa80000, 0x00000000fd080000, 0x0000000100000000)
  eden space 124928K, 100% used [0x00000000eaa80000,0x00000000f2480000,0x00000000f2480000)
  from space 14848K, 0% used [0x00000000f2480000,0x00000000f2480000,0x00000000f3300000)
  to   space 25600K, 0% used [0x00000000fb780000,0x00000000fb780000,0x00000000fd080000)
 ParOldGen       total 41984K, used 41916K [0x00000000c0000000, 0x00000000c2900000, 0x00000000eaa80000)
  object space 41984K, 99% used [0x00000000c0000000,0x00000000c28ef258,0x00000000c2900000)
 PSPermGen       total 21504K, used 6033K [0x00000000bae00000, 0x00000000bc300000, 0x00000000c0000000)
  object space 21504K, 28% used [0x00000000bae00000,0x00000000bb3e46b8,0x00000000bc300000)
GC Heap History (10 events):
Event: 14.661 GC heap after
Heap after GC invocations=15 (full 8):
 PSYoungGen      total 139776K, used 87445K [0x00000000eaa80000, 0x00000000fd080000, 0x0000000100000000)
  eden space 124928K, 69% used [0x00000000eaa80000,0x00000000effe5478,0x00000000f2480000)
  from space 14848K, 0% used [0x00000000f2480000,0x00000000f2480000,0x00000000f3300000)
  to   space 25600K, 0% used [0x00000000fb780000,0x00000000fb780000,0x00000000fd080000)
 ParOldGen       total 41984K, used 41916K [0x00000000c0000000, 0x00000000c2900000, 0x00000000eaa80000)
  object space 41984K, 99% used [0x00000000c0000000,0x00000000c28ef258,0x00000000c2900000)
 PSPermGen       total 21504K, used 6015K [0x00000000bae00000, 0x00000000bc300000, 0x00000000c0000000)
  object space 21504K, 27% used [0x00000000bae00000,0x00000000bb3dfe18,0x00000000bc300000)
}
Event: 14.826 GC heap before
{Heap before GC invocations=16 (full 9):
 PSYoungGen      total 139776K, used 124928K [0x00000000eaa80000, 0x00000000fd080000, 0x0000000100000000)
  eden space 124928K, 100% used [0x00000000eaa80000,0x00000000f2480000,0x00000000f2480000)
  from space 14848K, 0% used [0x00000000f2480000,0x00000000f2480000,0x00000000f3300000)
  to   space 25600K, 0% used [0x00000000fb780000,0x00000000fb780000,0x00000000fd080000)
 ParOldGen       total 41984K, used 41916K [0x00000000c0000000, 0x00000000c2900000, 0x00000000eaa80000)
  object space 41984K, 99% used [0x00000000c0000000,0x00000000c28ef258,0x00000000c2900000)
 PSPermGen       total 21504K, used 6019K [0x00000000bae00000, 0x00000000bc300000, 0x00000000c0000000)
  object space 21504K, 27% used [0x00000000bae00000,0x00000000bb3e0e28,0x00000000bc300000)
Event: 15.613 GC heap after
Heap after GC invocations=16 (full 9):
 PSYoungGen      total 139776K, used 93131K [0x00000000eaa80000, 0x00000000fd080000, 0x0000000100000000)
  eden space 124928K, 74% used [0x00000000eaa80000,0x00000000f0572fd8,0x00000000f2480000)
  from space 14848K, 0% used [0x00000000f2480000,0x00000000f2480000,0x00000000f3300000)
  to   space 25600K, 0% used [0x00000000fb780000,0x00000000fb780000,0x00000000fd080000)
 ParOldGen       total 41984K, used 41916K [0x00000000c0000000, 0x00000000c2900000, 0x00000000eaa80000)
  object space 41984K, 99% used [0x00000000c0000000,0x00000000c28ef258,0x00000000c2900000)
 PSPermGen       total 21504K, used 6019K [0x00000000bae00000, 0x00000000bc300000, 0x00000000c0000000)
  object space 21504K, 27% used [0x00000000bae00000,0x00000000bb3e0de8,0x00000000bc300000)
}
Event: 15.764 GC heap before
{Heap before GC invocations=17 (full 10):
 PSYoungGen      total 139776K, used 124928K [0x00000000eaa80000, 0x00000000fd080000, 0x0000000100000000)
  eden space 124928K, 100% used [0x00000000eaa80000,0x00000000f2480000,0x00000000f2480000)
  from space 14848K, 0% used [0x00000000f2480000,0x00000000f2480000,0x00000000f3300000)
  to   space 25600K, 0% used [0x00000000fb780000,0x00000000fb780000,0x00000000fd080000)
 ParOldGen       total 41984K, used 41916K [0x00000000c0000000, 0x00000000c2900000, 0x00000000eaa80000)
  object space 41984K, 99% used [0x00000000c0000000,0x00000000c28ef258,0x00000000c2900000)
 PSPermGen       total 21504K, used 6023K [0x00000000bae00000, 0x00000000bc300000, 0x00000000c0000000)
  object space 21504K, 28% used [0x00000000bae00000,0x00000000bb3e1d78,0x00000000bc300000)
Event: 16.382 GC heap after
Heap after GC invocations=17 (full 10):
 PSYoungGen      total 139776K, used 98077K [0x00000000eaa80000, 0x00000000fd080000, 0x0000000100000000)
  eden space 124928K, 78% used [0x00000000eaa80000,0x00000000f0a47798,0x00000000f2480000)
  from space 14848K, 0% used [0x00000000f2480000,0x00000000f2480000,0x00000000f3300000)
  to   space 25600K, 0% used [0x00000000fb780000,0x00000000fb780000,0x00000000fd080000)
 ParOldGen       total 41984K, used 41916K [0x00000000c0000000, 0x00000000c2900000, 0x00000000eaa80000)
  object space 41984K, 99% used [0x00000000c0000000,0x00000000c28ef258,0x00000000c2900000)
 PSPermGen       total 21504K, used 6023K [0x00000000bae00000, 0x00000000bc300000, 0x00000000c0000000)
  object space 21504K, 28% used [0x00000000bae00000,0x00000000bb3e1d78,0x00000000bc300000)
}
Event: 16.549 GC heap before
{Heap before GC invocations=18 (full 11):
 PSYoungGen      total 139776K, used 124928K [0x00000000eaa80000, 0x00000000fd080000, 0x0000000100000000)
  eden space 124928K, 100% used [0x00000000eaa80000,0x00000000f2480000,0x00000000f2480000)
  from space 14848K, 0% used [0x00000000f2480000,0x00000000f2480000,0x00000000f3300000)
  to   space 25600K, 0% used [0x00000000fb780000,0x00000000fb780000,0x00000000fd080000)
 ParOldGen       total 41984K, used 41916K [0x00000000c0000000, 0x00000000c2900000, 0x00000000eaa80000)
  object space 41984K, 99% used [0x00000000c0000000,0x00000000c28ef258,0x00000000c2900000)
 PSPermGen       total 21504K, used 6027K [0x00000000bae00000, 0x00000000bc300000, 0x00000000c0000000)
  object space 21504K, 28% used [0x00000000bae00000,0x00000000bb3e2da8,0x00000000bc300000)
Event: 17.249 GC heap after
Heap after GC invocations=18 (full 11):
 PSYoungGen      total 139776K, used 102581K [0x00000000eaa80000, 0x00000000fd080000, 0x0000000100000000)
  eden space 124928K, 82% used [0x00000000eaa80000,0x00000000f0ead690,0x00000000f2480000)
  from space 14848K, 0% used [0x00000000f2480000,0x00000000f2480000,0x00000000f3300000)
  to   space 25600K, 0% used [0x00000000fb780000,0x00000000fb780000,0x00000000fd080000)
 ParOldGen       total 41984K, used 41916K [0x00000000c0000000, 0x00000000c2900000, 0x00000000eaa80000)
  object space 41984K, 99% used [0x00000000c0000000,0x00000000c28ef258,0x00000000c2900000)
 PSPermGen       total 21504K, used 6027K [0x00000000bae00000, 0x00000000bc300000, 0x00000000c0000000)
  object space 21504K, 28% used [0x00000000bae00000,0x00000000bb3e2da8,0x00000000bc300000)
}
Event: 17.342 GC heap before
{Heap before GC invocations=19 (full 12):
 PSYoungGen      total 139776K, used 124928K [0x00000000eaa80000, 0x00000000fd080000, 0x0000000100000000)
  eden space 124928K, 100% used [0x00000000eaa80000,0x00000000f2480000,0x00000000f2480000)
  from space 14848K, 0% used [0x00000000f2480000,0x00000000f2480000,0x00000000f3300000)
  to   space 25600K, 0% used [0x00000000fb780000,0x00000000fb780000,0x00000000fd080000)
 ParOldGen       total 41984K, used 41916K [0x00000000c0000000, 0x00000000c2900000, 0x00000000eaa80000)
  object space 41984K, 99% used [0x00000000c0000000,0x00000000c28ef258,0x00000000c2900000)
 PSPermGen       total 21504K, used 6032K [0x00000000bae00000, 0x00000000bc300000, 0x00000000c0000000)
  object space 21504K, 28% used [0x00000000bae00000,0x00000000bb3e43f0,0x00000000bc300000)
Event: 17.894 GC heap after
Heap after GC invocations=19 (full 12):
 PSYoungGen      total 139776K, used 105370K [0x00000000eaa80000, 0x00000000fd080000, 0x0000000100000000)
  eden space 124928K, 84% used [0x00000000eaa80000,0x00000000f11669b8,0x00000000f2480000)
  from space 14848K, 0% used [0x00000000f2480000,0x00000000f2480000,0x00000000f3300000)
  to   space 25600K, 0% used [0x00000000fb780000,0x00000000fb780000,0x00000000fd080000)
 ParOldGen       total 41984K, used 41916K [0x00000000c0000000, 0x00000000c2900000, 0x00000000eaa80000)
  object space 41984K, 99% used [0x00000000c0000000,0x00000000c28ef258,0x00000000c2900000)
 PSPermGen       total 21504K, used 6032K [0x00000000bae00000, 0x00000000bc300000, 0x00000000c0000000)
  object space 21504K, 28% used [0x00000000bae00000,0x00000000bb3e43b0,0x00000000bc300000)
}
Event: 17.975 GC heap before
{Heap before GC invocations=20 (full 13):
 PSYoungGen      total 139776K, used 124928K [0x00000000eaa80000, 0x00000000fd080000, 0x0000000100000000)
  eden space 124928K, 100% used [0x00000000eaa80000,0x00000000f2480000,0x00000000f2480000)
  from space 14848K, 0% used [0x00000000f2480000,0x00000000f2480000,0x00000000f3300000)
  to   space 25600K, 0% used [0x00000000fb780000,0x00000000fb780000,0x00000000fd080000)
 ParOldGen       total 41984K, used 41916K [0x00000000c0000000, 0x00000000c2900000, 0x00000000eaa80000)
  object space 41984K, 99% used [0x00000000c0000000,0x00000000c28ef258,0x00000000c2900000)
 PSPermGen       total 21504K, used 6033K [0x00000000bae00000, 0x00000000bc300000, 0x00000000c0000000)
  object space 21504K, 28% used [0x00000000bae00000,0x00000000bb3e46b8,0x00000000bc300000)

